<?xml version="1.0" encoding="UTF-8"?>
<testsuite xmlns:xsi="http://www.w3.org/2001/XMLSchema-instance" xsi:noNamespaceSchemaLocation="https://maven.apache.org/surefire/maven-surefire-plugin/xsd/surefire-test-report.xsd" version="3.0.2" name="org.example.Barnes.PurchaseSummaryTest" time="0.006" tests="8" errors="0" skipped="0" failures="0">
  <properties>
[...]
</properties>
  <testcase name="getTotalPriceTest" classname="org.example.Barnes.PurchaseSummaryTest" time="0.0"/>
  <testcase name="addToTotalPriceTest" classname="org.example.Barnes.PurchaseSummaryTest" time="0.0"/>
  <testcase name="addUnavailableExpectedTest" classname="org.example.Barnes.PurchaseSummaryTest" time="0.0"/>
  <testcase name="addAvailableTwoOrMoreBookTest" classname="org.example.Barnes.PurchaseSummaryTest" time="0.001"/>
  <testcase name="addUnavailableEmptyTest" classname="org.example.Barnes.PurchaseSummaryTest" time="0.001"/>
  <testcase name="getUnavailableEmptyTest" classname="org.example.Barnes.PurchaseSummaryTest" time="0.0"/>
  <testcase name="addNegativeToTotalPriceTest" classname="org.example.Barnes.PurchaseSummaryTest" time="0.0"/>
  <testcase name="getUnavailableTest" classname="org.example.Barnes.PurchaseSummaryTest" time="0.001"/>
</testsuite>